12:01:02 AM | Info | 'User Found' | Service: {
  _id: new ObjectId('674c17acd07b0cb7c8cf5163'),
  name: 'Gavav',
  email: 'cat@gmail.com',
  password: '$2a$10$kwWaKpSaR.xCTHGYXmO12eSpbRVxnSlnRGuuilG7wsUj.5F1fLfYy',
  gender: 'female',
  avatar: '/placeholder.svg?height=50&width=50',
  description: 'Vsbshs',
  walletAddress: '0x46cb89bac23d3',
  __v: 0
} | 
12:01:02 AM | Info | 'User Found' | Service: {
  _id: new ObjectId('674c17acd07b0cb7c8cf5163'),
  name: 'Gavav',
  email: 'cat@gmail.com',
  password: '$2a$10$kwWaKpSaR.xCTHGYXmO12eSpbRVxnSlnRGuuilG7wsUj.5F1fLfYy',
  gender: 'female',
  avatar: '/placeholder.svg?height=50&width=50',
  description: 'Vsbshs',
  walletAddress: '0x46cb89bac23d3',
  __v: 0
} | 
12:01:24 AM | Info | 'User Found' | Service: {
  _id: new ObjectId('674c17acd07b0cb7c8cf5163'),
  name: 'Gavav',
  email: 'cat@gmail.com',
  password: '$2a$10$kwWaKpSaR.xCTHGYXmO12eSpbRVxnSlnRGuuilG7wsUj.5F1fLfYy',
  gender: 'female',
  avatar: '/placeholder.svg?height=50&width=50',
  description: 'Vsbshs',
  walletAddress: '0x46cb89bac23d3',
  __v: 0
} | 
12:01:24 AM | Info | 'User Found' | Service: {
  _id: new ObjectId('674c17acd07b0cb7c8cf5163'),
  name: 'Gavav',
  email: 'cat@gmail.com',
  password: '$2a$10$kwWaKpSaR.xCTHGYXmO12eSpbRVxnSlnRGuuilG7wsUj.5F1fLfYy',
  gender: 'female',
  avatar: '/placeholder.svg?height=50&width=50',
  description: 'Vsbshs',
  walletAddress: '0x46cb89bac23d3',
  __v: 0
} | 
12:02:16 AM | Info | 'User Found' | Service: {
  _id: new ObjectId('674c17acd07b0cb7c8cf5163'),
  name: 'Gavav',
  email: 'cat@gmail.com',
  password: '$2a$10$kwWaKpSaR.xCTHGYXmO12eSpbRVxnSlnRGuuilG7wsUj.5F1fLfYy',
  gender: 'female',
  avatar: '/placeholder.svg?height=50&width=50',
  description: 'Vsbshs',
  walletAddress: '0x46cb89bac23d3',
  __v: 0
} | 
12:02:16 AM | Info | 'User Found' | Service: {
  _id: new ObjectId('674c17acd07b0cb7c8cf5163'),
  name: 'Gavav',
  email: 'cat@gmail.com',
  password: '$2a$10$kwWaKpSaR.xCTHGYXmO12eSpbRVxnSlnRGuuilG7wsUj.5F1fLfYy',
  gender: 'female',
  avatar: '/placeholder.svg?height=50&width=50',
  description: 'Vsbshs',
  walletAddress: '0x46cb89bac23d3',
  __v: 0
} | 
12:03:29 AM | Info | 'User Found' | Service: {
  _id: new ObjectId('67436cf9761e053205c78c5c'),
  name: 'saj',
  email: 'dam@gmail.com',
  password: '$2a$10$/O4lAw9hU0vs3EpfGf/7Q.9RQi74hHOq1E.8GU7PzBnzG77fEoKI.',
  gender: 'male',
  avatar: '/placeholder.svg?height=50&width=50',
  description: 'adqd',
  walletAddress: '0x9a9e81eacfac2',
  __v: 0
} | 
12:03:29 AM | Info | 'User Found' | Service: {
  _id: new ObjectId('674c17acd07b0cb7c8cf5163'),
  name: 'Gavav',
  email: 'cat@gmail.com',
  password: '$2a$10$kwWaKpSaR.xCTHGYXmO12eSpbRVxnSlnRGuuilG7wsUj.5F1fLfYy',
  gender: 'female',
  avatar: '/placeholder.svg?height=50&width=50',
  description: 'Vsbshs',
  walletAddress: '0x46cb89bac23d3',
  __v: 0
} | 
12:03:35 AM | Info | 'User Found' | Service: {
  _id: new ObjectId('67436cf9761e053205c78c5c'),
  name: 'saj',
  email: 'dam@gmail.com',
  password: '$2a$10$/O4lAw9hU0vs3EpfGf/7Q.9RQi74hHOq1E.8GU7PzBnzG77fEoKI.',
  gender: 'male',
  avatar: '/placeholder.svg?height=50&width=50',
  description: 'adqd',
  walletAddress: '0x9a9e81eacfac2',
  __v: 0
} | 
12:03:35 AM | Info | 'User Found' | Service: {
  _id: new ObjectId('67436cf9761e053205c78c5c'),
  name: 'saj',
  email: 'dam@gmail.com',
  password: '$2a$10$/O4lAw9hU0vs3EpfGf/7Q.9RQi74hHOq1E.8GU7PzBnzG77fEoKI.',
  gender: 'male',
  avatar: '/placeholder.svg?height=50&width=50',
  description: 'adqd',
  walletAddress: '0x9a9e81eacfac2',
  __v: 0
} | 
12:03:42 AM | Info | 'User Found' | Service: {
  _id: new ObjectId('674c17acd07b0cb7c8cf5163'),
  name: 'Gavav',
  email: 'cat@gmail.com',
  password: '$2a$10$kwWaKpSaR.xCTHGYXmO12eSpbRVxnSlnRGuuilG7wsUj.5F1fLfYy',
  gender: 'female',
  avatar: '/placeholder.svg?height=50&width=50',
  description: 'Vsbshs',
  walletAddress: '0x46cb89bac23d3',
  __v: 0
} | 
12:03:42 AM | Info | 'User Found' | Service: {
  _id: new ObjectId('674c17acd07b0cb7c8cf5163'),
  name: 'Gavav',
  email: 'cat@gmail.com',
  password: '$2a$10$kwWaKpSaR.xCTHGYXmO12eSpbRVxnSlnRGuuilG7wsUj.5F1fLfYy',
  gender: 'female',
  avatar: '/placeholder.svg?height=50&width=50',
  description: 'Vsbshs',
  walletAddress: '0x46cb89bac23d3',
  __v: 0
} | 
12:05:31 AM | Info | 'User Found' | Service: {
  _id: new ObjectId('674c17acd07b0cb7c8cf5163'),
  name: 'Gavav',
  email: 'cat@gmail.com',
  password: '$2a$10$kwWaKpSaR.xCTHGYXmO12eSpbRVxnSlnRGuuilG7wsUj.5F1fLfYy',
  gender: 'female',
  avatar: '/placeholder.svg?height=50&width=50',
  description: 'Vsbshs',
  walletAddress: '0x46cb89bac23d3',
  __v: 0
} | 
12:05:31 AM | Info | 'User Found' | Service: {
  _id: new ObjectId('674c17acd07b0cb7c8cf5163'),
  name: 'Gavav',
  email: 'cat@gmail.com',
  password: '$2a$10$kwWaKpSaR.xCTHGYXmO12eSpbRVxnSlnRGuuilG7wsUj.5F1fLfYy',
  gender: 'female',
  avatar: '/placeholder.svg?height=50&width=50',
  description: 'Vsbshs',
  walletAddress: '0x46cb89bac23d3',
  __v: 0
} | 
12:14:13 AM | Info | 'User Found' | Service: {
  _id: new ObjectId('6748ad8eecc83064e2c13ec2'),
  name: 'aamir',
  email: 'eloinproject@gmail.com',
  password: '$2a$10$CWEqtQnXmFmxMB.YOxIKZO5N8pK5TfprpLBmqzjwMuk0d55wxh5RW',
  gender: 'male',
  avatar: '/placeholder.svg?height=50&width=50',
  description: 'all bs',
  walletAddress: '',
  __v: 0
} | 
12:14:13 AM | Info | 'User Found' | Service: {
  _id: new ObjectId('6748ad8eecc83064e2c13ec2'),
  name: 'aamir',
  email: 'eloinproject@gmail.com',
  password: '$2a$10$CWEqtQnXmFmxMB.YOxIKZO5N8pK5TfprpLBmqzjwMuk0d55wxh5RW',
  gender: 'male',
  avatar: '/placeholder.svg?height=50&width=50',
  description: 'all bs',
  walletAddress: '',
  __v: 0
} | 
12:14:36 AM | Info | 'User Found' | Service: {
  _id: new ObjectId('6748ad8eecc83064e2c13ec2'),
  name: 'aamir',
  email: 'eloinproject@gmail.com',
  password: '$2a$10$CWEqtQnXmFmxMB.YOxIKZO5N8pK5TfprpLBmqzjwMuk0d55wxh5RW',
  gender: 'male',
  avatar: '/placeholder.svg?height=50&width=50',
  description: 'all bs',
  walletAddress: '',
  __v: 0
} | 
12:14:36 AM | Info | 'User Found' | Service: {
  _id: new ObjectId('6748ad8eecc83064e2c13ec2'),
  name: 'aamir',
  email: 'eloinproject@gmail.com',
  password: '$2a$10$CWEqtQnXmFmxMB.YOxIKZO5N8pK5TfprpLBmqzjwMuk0d55wxh5RW',
  gender: 'male',
  avatar: '/placeholder.svg?height=50&width=50',
  description: 'all bs',
  walletAddress: '',
  __v: 0
} | 
12:15:00 AM | Info | 'User Found' | Service: {
  _id: new ObjectId('6748ad8eecc83064e2c13ec2'),
  name: 'aamir',
  email: 'eloinproject@gmail.com',
  password: '$2a$10$CWEqtQnXmFmxMB.YOxIKZO5N8pK5TfprpLBmqzjwMuk0d55wxh5RW',
  gender: 'male',
  avatar: '/placeholder.svg?height=50&width=50',
  description: 'all bs',
  walletAddress: '',
  __v: 0
} | 
12:15:00 AM | Info | 'User Found' | Service: {
  _id: new ObjectId('6748ad8eecc83064e2c13ec2'),
  name: 'aamir',
  email: 'eloinproject@gmail.com',
  password: '$2a$10$CWEqtQnXmFmxMB.YOxIKZO5N8pK5TfprpLBmqzjwMuk0d55wxh5RW',
  gender: 'male',
  avatar: '/placeholder.svg?height=50&width=50',
  description: 'all bs',
  walletAddress: '',
  __v: 0
} | 
12:16:18 AM | Info | 'User Found' | Service: {
  _id: new ObjectId('6748ad8eecc83064e2c13ec2'),
  name: 'aamir',
  email: 'eloinproject@gmail.com',
  password: '$2a$10$CWEqtQnXmFmxMB.YOxIKZO5N8pK5TfprpLBmqzjwMuk0d55wxh5RW',
  gender: 'male',
  avatar: '/placeholder.svg?height=50&width=50',
  description: 'all bs',
  walletAddress: '',
  __v: 0
} | 
12:16:18 AM | Info | 'User Found' | Service: {
  _id: new ObjectId('6748ad8eecc83064e2c13ec2'),
  name: 'aamir',
  email: 'eloinproject@gmail.com',
  password: '$2a$10$CWEqtQnXmFmxMB.YOxIKZO5N8pK5TfprpLBmqzjwMuk0d55wxh5RW',
  gender: 'male',
  avatar: '/placeholder.svg?height=50&width=50',
  description: 'all bs',
  walletAddress: '',
  __v: 0
} | 
12:32:05 AM | Info | 'Connected to db' | 
12:32:05 AM | Info | 'Socket setup successful' | 
12:32:05 AM | Info | '> Ready on XXXXXXXXXXXXXXXX:3000' | 
12:34:11 AM | Info | 'User Found' | Service: {
  _id: new ObjectId('674c17acd07b0cb7c8cf5163'),
  name: 'Gavav',
  email: 'cat@gmail.com',
  password: '$2a$10$kwWaKpSaR.xCTHGYXmO12eSpbRVxnSlnRGuuilG7wsUj.5F1fLfYy',
  gender: 'female',
  avatar: '/placeholder.svg?height=50&width=50',
  description: 'Vsbshs',
  walletAddress: '0x46cb89bac23d3',
  __v: 0
} | 
12:34:11 AM | Info | 'User Found' | Service: {
  _id: new ObjectId('674c17acd07b0cb7c8cf5163'),
  name: 'Gavav',
  email: 'cat@gmail.com',
  password: '$2a$10$kwWaKpSaR.xCTHGYXmO12eSpbRVxnSlnRGuuilG7wsUj.5F1fLfYy',
  gender: 'female',
  avatar: '/placeholder.svg?height=50&width=50',
  description: 'Vsbshs',
  walletAddress: '0x46cb89bac23d3',
  __v: 0
} | 
12:34:24 AM | Info | 'User Found' | Service: {
  _id: new ObjectId('67436cf9761e053205c78c5c'),
  name: 'saj',
  email: 'dam@gmail.com',
  password: '$2a$10$/O4lAw9hU0vs3EpfGf/7Q.9RQi74hHOq1E.8GU7PzBnzG77fEoKI.',
  gender: 'male',
  avatar: '/placeholder.svg?height=50&width=50',
  description: 'adqd',
  walletAddress: '0x9a9e81eacfac2',
  __v: 0
} | 
12:34:24 AM | Info | 'User Found' | Service: {
  _id: new ObjectId('67436cf9761e053205c78c5c'),
  name: 'saj',
  email: 'dam@gmail.com',
  password: '$2a$10$/O4lAw9hU0vs3EpfGf/7Q.9RQi74hHOq1E.8GU7PzBnzG77fEoKI.',
  gender: 'male',
  avatar: '/placeholder.svg?height=50&width=50',
  description: 'adqd',
  walletAddress: '0x9a9e81eacfac2',
  __v: 0
} | 
12:38:25 AM | Info | 'User Found' | Service: {
  _id: new ObjectId('67436cf9761e053205c78c5c'),
  name: 'saj',
  email: 'dam@gmail.com',
  password: '$2a$10$/O4lAw9hU0vs3EpfGf/7Q.9RQi74hHOq1E.8GU7PzBnzG77fEoKI.',
  gender: 'male',
  avatar: '/placeholder.svg?height=50&width=50',
  description: 'adqd',
  walletAddress: '0x9a9e81eacfac2',
  __v: 0
} | 
12:38:25 AM | Info | 'User Found' | Service: {
  _id: new ObjectId('674c17acd07b0cb7c8cf5163'),
  name: 'Gavav',
  email: 'cat@gmail.com',
  password: '$2a$10$kwWaKpSaR.xCTHGYXmO12eSpbRVxnSlnRGuuilG7wsUj.5F1fLfYy',
  gender: 'female',
  avatar: '/placeholder.svg?height=50&width=50',
  description: 'Vsbshs',
  walletAddress: '0x46cb89bac23d3',
  __v: 0
} | 
12:38:27 AM | Info | 'User Found' | Service: {
  _id: new ObjectId('67436cf9761e053205c78c5c'),
  name: 'saj',
  email: 'dam@gmail.com',
  password: '$2a$10$/O4lAw9hU0vs3EpfGf/7Q.9RQi74hHOq1E.8GU7PzBnzG77fEoKI.',
  gender: 'male',
  avatar: '/placeholder.svg?height=50&width=50',
  description: 'adqd',
  walletAddress: '0x9a9e81eacfac2',
  __v: 0
} | 
12:38:27 AM | Info | 'User Found' | Service: {
  _id: new ObjectId('674c17acd07b0cb7c8cf5163'),
  name: 'Gavav',
  email: 'cat@gmail.com',
  password: '$2a$10$kwWaKpSaR.xCTHGYXmO12eSpbRVxnSlnRGuuilG7wsUj.5F1fLfYy',
  gender: 'female',
  avatar: '/placeholder.svg?height=50&width=50',
  description: 'Vsbshs',
  walletAddress: '0x46cb89bac23d3',
  __v: 0
} | 
12:38:50 AM | Info | 'User Found' | Service: {
  _id: new ObjectId('674c17acd07b0cb7c8cf5163'),
  name: 'Gavav',
  email: 'cat@gmail.com',
  password: '$2a$10$kwWaKpSaR.xCTHGYXmO12eSpbRVxnSlnRGuuilG7wsUj.5F1fLfYy',
  gender: 'female',
  avatar: '/placeholder.svg?height=50&width=50',
  description: 'Vsbshs',
  walletAddress: '0x46cb89bac23d3',
  __v: 0
} | 
12:38:50 AM | Info | 'User Found' | Service: {
  _id: new ObjectId('674c17acd07b0cb7c8cf5163'),
  name: 'Gavav',
  email: 'cat@gmail.com',
  password: '$2a$10$kwWaKpSaR.xCTHGYXmO12eSpbRVxnSlnRGuuilG7wsUj.5F1fLfYy',
  gender: 'female',
  avatar: '/placeholder.svg?height=50&width=50',
  description: 'Vsbshs',
  walletAddress: '0x46cb89bac23d3',
  __v: 0
} | 
12:39:24 AM | Info | 'User Found' | Service: {
  _id: new ObjectId('674c17acd07b0cb7c8cf5163'),
  name: 'Gavav',
  email: 'cat@gmail.com',
  password: '$2a$10$kwWaKpSaR.xCTHGYXmO12eSpbRVxnSlnRGuuilG7wsUj.5F1fLfYy',
  gender: 'female',
  avatar: '/placeholder.svg?height=50&width=50',
  description: 'Vsbshs',
  walletAddress: '0x46cb89bac23d3',
  __v: 0
} | 
12:39:25 AM | Info | 'User Found' | Service: {
  _id: new ObjectId('674c17acd07b0cb7c8cf5163'),
  name: 'Gavav',
  email: 'cat@gmail.com',
  password: '$2a$10$kwWaKpSaR.xCTHGYXmO12eSpbRVxnSlnRGuuilG7wsUj.5F1fLfYy',
  gender: 'female',
  avatar: '/placeholder.svg?height=50&width=50',
  description: 'Vsbshs',
  walletAddress: '0x46cb89bac23d3',
  __v: 0
} | 
4:07:33 AM | Info | 'Connected to db' | 
4:07:33 AM | Info | '> Ready on XXXXXXXXXXXXXXXX:3000' | 
4:07:33 AM | Info | 'Socket setup successful' | 
4:08:00 AM | Info | 'User Found' | Service: {
  _id: new ObjectId('67430955683d95a6d0f26773'),
  name: 'wqsdqw',
  email: 'abcd@gmail.com',
  password: '$2a$10$dHiFiiId2nWIU6Fd7V1VCOYPWdQ9sqcpDfipr1w/sEZRH06MuKaHG',
  gender: 'male',
  avatar: '/placeholder.svg?height=50&width=50',
  description: 'wdsqwwq',
  walletAddress: '0xdeb1fc14bf6af',
  __v: 0
} | 
4:08:00 AM | Info | 'User Found' | Service: {
  _id: new ObjectId('67430955683d95a6d0f26773'),
  name: 'wqsdqw',
  email: 'abcd@gmail.com',
  password: '$2a$10$dHiFiiId2nWIU6Fd7V1VCOYPWdQ9sqcpDfipr1w/sEZRH06MuKaHG',
  gender: 'male',
  avatar: '/placeholder.svg?height=50&width=50',
  description: 'wdsqwwq',
  walletAddress: '0xdeb1fc14bf6af',
  __v: 0
} | 
4:08:21 AM | Info | 'User Found' | Service: {
  _id: new ObjectId('66f1d037932d920297fe12e4'),
  name: 'sdsdfdsfcs',
  email: 'admin@gmail.com',
  password: '$2a$10$1NPeuLr.xvHiengYKiDA3eyEQUarC0klP86UXwHqUbQ2szY0J8Ks6',
  gender: 'male',
  avatar: '/placeholder.svg?height=50&width=50',
  description: 'dfscdsfsds',
  walletAddress: '0x0bed9dec13936',
  __v: 0
} | 
4:08:21 AM | Info | 'User Found' | Service: {
  _id: new ObjectId('66f1d037932d920297fe12e4'),
  name: 'sdsdfdsfcs',
  email: 'admin@gmail.com',
  password: '$2a$10$1NPeuLr.xvHiengYKiDA3eyEQUarC0klP86UXwHqUbQ2szY0J8Ks6',
  gender: 'male',
  avatar: '/placeholder.svg?height=50&width=50',
  description: 'dfscdsfsds',
  walletAddress: '0x0bed9dec13936',
  __v: 0
} | 
4:08:55 AM | Info | 'User Found' | Service: {
  _id: new ObjectId('66f1d037932d920297fe12e4'),
  name: 'sdsdfdsfcs',
  email: 'admin@gmail.com',
  password: '$2a$10$1NPeuLr.xvHiengYKiDA3eyEQUarC0klP86UXwHqUbQ2szY0J8Ks6',
  gender: 'male',
  avatar: '/placeholder.svg?height=50&width=50',
  description: 'dfscdsfsds',
  walletAddress: '0x0bed9dec13936',
  __v: 0
} | 
4:08:55 AM | Info | 'User Found' | Service: {
  _id: new ObjectId('66f1d037932d920297fe12e4'),
  name: 'sdsdfdsfcs',
  email: 'admin@gmail.com',
  password: '$2a$10$1NPeuLr.xvHiengYKiDA3eyEQUarC0klP86UXwHqUbQ2szY0J8Ks6',
  gender: 'male',
  avatar: '/placeholder.svg?height=50&width=50',
  description: 'dfscdsfsds',
  walletAddress: '0x0bed9dec13936',
  __v: 0
} | 
4:10:28 AM | Info | 'User Found' | Service: {
  _id: new ObjectId('67430955683d95a6d0f26773'),
  name: 'wqsdqw',
  email: 'abcd@gmail.com',
  password: '$2a$10$dHiFiiId2nWIU6Fd7V1VCOYPWdQ9sqcpDfipr1w/sEZRH06MuKaHG',
  gender: 'male',
  avatar: '/placeholder.svg?height=50&width=50',
  description: 'wdsqwwq',
  walletAddress: '0xdeb1fc14bf6af',
  __v: 0
} | 
4:10:28 AM | Info | 'User Found' | Service: {
  _id: new ObjectId('66f1d037932d920297fe12e4'),
  name: 'sdsdfdsfcs',
  email: 'admin@gmail.com',
  password: '$2a$10$1NPeuLr.xvHiengYKiDA3eyEQUarC0klP86UXwHqUbQ2szY0J8Ks6',
  gender: 'male',
  avatar: '/placeholder.svg?height=50&width=50',
  description: 'dfscdsfsds',
  walletAddress: '0x0bed9dec13936',
  __v: 0
} | 
4:10:56 AM | Info | 'User Found' | Service: {
  _id: new ObjectId('66f1d037932d920297fe12e4'),
  name: 'sdsdfdsfcs',
  email: 'admin@gmail.com',
  password: '$2a$10$1NPeuLr.xvHiengYKiDA3eyEQUarC0klP86UXwHqUbQ2szY0J8Ks6',
  gender: 'male',
  avatar: '/placeholder.svg?height=50&width=50',
  description: 'dfscdsfsds',
  walletAddress: '0x0bed9dec13936',
  __v: 0
} | 
4:10:56 AM | Info | 'User Found' | Service: {
  _id: new ObjectId('66f1d037932d920297fe12e4'),
  name: 'sdsdfdsfcs',
  email: 'admin@gmail.com',
  password: '$2a$10$1NPeuLr.xvHiengYKiDA3eyEQUarC0klP86UXwHqUbQ2szY0J8Ks6',
  gender: 'male',
  avatar: '/placeholder.svg?height=50&width=50',
  description: 'dfscdsfsds',
  walletAddress: '0x0bed9dec13936',
  __v: 0
} | 
4:13:45 AM | Info | 'User Found' | Service: {
  _id: new ObjectId('67430955683d95a6d0f26773'),
  name: 'wqsdqw',
  email: 'abcd@gmail.com',
  password: '$2a$10$dHiFiiId2nWIU6Fd7V1VCOYPWdQ9sqcpDfipr1w/sEZRH06MuKaHG',
  gender: 'male',
  avatar: '/placeholder.svg?height=50&width=50',
  description: 'wdsqwwq',
  walletAddress: '0xdeb1fc14bf6af',
  __v: 0
} | 
4:13:45 AM | Info | 'User Found' | Service: {
  _id: new ObjectId('66f1d037932d920297fe12e4'),
  name: 'sdsdfdsfcs',
  email: 'admin@gmail.com',
  password: '$2a$10$1NPeuLr.xvHiengYKiDA3eyEQUarC0klP86UXwHqUbQ2szY0J8Ks6',
  gender: 'male',
  avatar: '/placeholder.svg?height=50&width=50',
  description: 'dfscdsfsds',
  walletAddress: '0x0bed9dec13936',
  __v: 0
} | 
4:17:54 AM | Info | 'User Found' | Service: {
  _id: new ObjectId('66f1d037932d920297fe12e4'),
  name: 'sdsdfdsfcs',
  email: 'admin@gmail.com',
  password: '$2a$10$1NPeuLr.xvHiengYKiDA3eyEQUarC0klP86UXwHqUbQ2szY0J8Ks6',
  gender: 'male',
  avatar: '/placeholder.svg?height=50&width=50',
  description: 'dfscdsfsds',
  walletAddress: '0x0bed9dec13936',
  __v: 0
} | 
4:17:54 AM | Info | 'User Found' | Service: {
  _id: new ObjectId('66f1d037932d920297fe12e4'),
  name: 'sdsdfdsfcs',
  email: 'admin@gmail.com',
  password: '$2a$10$1NPeuLr.xvHiengYKiDA3eyEQUarC0klP86UXwHqUbQ2szY0J8Ks6',
  gender: 'male',
  avatar: '/placeholder.svg?height=50&width=50',
  description: 'dfscdsfsds',
  walletAddress: '0x0bed9dec13936',
  __v: 0
} | 
4:51:51 AM | Info | 'Connected to db' | 
4:51:51 AM | Info | 'Socket setup successful' | 
4:51:51 AM | Info | '> Ready on XXXXXXXXXXXXXXXX:3000' | 
4:52:33 AM | Info | 'User Found' | Service: {
  _id: new ObjectId('66f1d037932d920297fe12e4'),
  name: 'sdsdfdsfcs',
  email: 'admin@gmail.com',
  password: '$2a$10$1NPeuLr.xvHiengYKiDA3eyEQUarC0klP86UXwHqUbQ2szY0J8Ks6',
  gender: 'male',
  avatar: '/placeholder.svg?height=50&width=50',
  description: 'dfscdsfsds',
  walletAddress: '0x0bed9dec13936',
  __v: 0
} | 
4:52:33 AM | Info | 'User Found' | Service: {
  _id: new ObjectId('66f1d037932d920297fe12e4'),
  name: 'sdsdfdsfcs',
  email: 'admin@gmail.com',
  password: '$2a$10$1NPeuLr.xvHiengYKiDA3eyEQUarC0klP86UXwHqUbQ2szY0J8Ks6',
  gender: 'male',
  avatar: '/placeholder.svg?height=50&width=50',
  description: 'dfscdsfsds',
  walletAddress: '0x0bed9dec13936',
  __v: 0
} | 
4:54:12 AM | Info | '674c5c74f792aec312f2fde2' | Service: joinRoom soket | 
4:54:12 AM | Info | '674c5c74f792aec312f2fde2' | Service: joinRoom soket | 
4:58:24 AM | Info | 'User Found' | Service: {
  _id: new ObjectId('673645dcb8e8ca0c66f7454f'),
  name: 'sdsdsd',
  email: 's@gmail.com',
  password: '$2a$10$crEmFlITe/PqCzqh1NLITuH/Mf84VHHFAW7XKcfE12CLFvdSx.tU6',
  gender: 'male',
  avatar: '/placeholder.svg?height=50&width=50',
  description: 'sdsdsadas',
  walletAddress: '0x44b1dcc128d84',
  __v: 0
} | 
4:58:24 AM | Info | 'User Found' | Service: {
  _id: new ObjectId('673645dcb8e8ca0c66f7454f'),
  name: 'sdsdsd',
  email: 's@gmail.com',
  password: '$2a$10$crEmFlITe/PqCzqh1NLITuH/Mf84VHHFAW7XKcfE12CLFvdSx.tU6',
  gender: 'male',
  avatar: '/placeholder.svg?height=50&width=50',
  description: 'sdsdsadas',
  walletAddress: '0x44b1dcc128d84',
  __v: 0
} | 
4:58:31 AM | Info | '674c5c74f792aec312f2fde2' | Service: joinRoom soket | 
4:58:31 AM | Info | '674c5c74f792aec312f2fde2' | Service: joinRoom soket | 
4:58:46 AM | Info | 'User Found' | Service: {
  _id: new ObjectId('67430955683d95a6d0f26773'),
  name: 'wqsdqw',
  email: 'abcd@gmail.com',
  password: '$2a$10$dHiFiiId2nWIU6Fd7V1VCOYPWdQ9sqcpDfipr1w/sEZRH06MuKaHG',
  gender: 'male',
  avatar: '/placeholder.svg?height=50&width=50',
  description: 'wdsqwwq',
  walletAddress: '0xdeb1fc14bf6af',
  __v: 0
} | 
4:58:46 AM | Info | 'User Found' | Service: {
  _id: new ObjectId('67430955683d95a6d0f26773'),
  name: 'wqsdqw',
  email: 'abcd@gmail.com',
  password: '$2a$10$dHiFiiId2nWIU6Fd7V1VCOYPWdQ9sqcpDfipr1w/sEZRH06MuKaHG',
  gender: 'male',
  avatar: '/placeholder.svg?height=50&width=50',
  description: 'wdsqwwq',
  walletAddress: '0xdeb1fc14bf6af',
  __v: 0
} | 
4:58:48 AM | Info | '674c5d88f792aec312f2fdeb' | Service: joinRoom soket | 
4:58:48 AM | Info | '674c5d88f792aec312f2fdeb' | Service: joinRoom soket | 
4:59:14 AM | Info | '674c5c74f792aec312f2fde2' | Service: leave soket | 
4:59:14 AM | Info | '674c5d88f792aec312f2fdeb' | Service: joinRoom soket | 
4:59:14 AM | Info | '674c5d88f792aec312f2fdeb' | Service: joinRoom soket | 
5:05:29 AM | Info | '674c5d88f792aec312f2fdeb' | Service: leave soket | 
5:05:29 AM | Info | '674c5c74f792aec312f2fde2' | Service: joinRoom soket | 
5:05:29 AM | Info | '674c5c74f792aec312f2fde2' | Service: joinRoom soket | 
5:06:46 AM | Info | '674c5c74f792aec312f2fde2' | Service: leave soket | 
5:06:46 AM | Info | '674c5d88f792aec312f2fdeb' | Service: joinRoom soket | 
5:06:46 AM | Info | '674c5d88f792aec312f2fdeb' | Service: joinRoom soket | 
5:06:46 AM | Info | '674c5c74f792aec312f2fde2' | Service: joinRoom soket | 
5:06:46 AM | Info | '674c5f66f792aec312f2fdfe' | Service: joinRoom soket | 
5:08:07 AM | Info | 'User Found' | Service: {
  _id: new ObjectId('673645dcb8e8ca0c66f7454f'),
  name: 'sdsdsd',
  email: 's@gmail.com',
  password: '$2a$10$crEmFlITe/PqCzqh1NLITuH/Mf84VHHFAW7XKcfE12CLFvdSx.tU6',
  gender: 'male',
  avatar: '/placeholder.svg?height=50&width=50',
  description: 'sdsdsadas',
  walletAddress: '0x44b1dcc128d84',
  __v: 0
} | 
5:08:07 AM | Info | 'User Found' | Service: {
  _id: new ObjectId('67430955683d95a6d0f26773'),
  name: 'wqsdqw',
  email: 'abcd@gmail.com',
  password: '$2a$10$dHiFiiId2nWIU6Fd7V1VCOYPWdQ9sqcpDfipr1w/sEZRH06MuKaHG',
  gender: 'male',
  avatar: '/placeholder.svg?height=50&width=50',
  description: 'wdsqwwq',
  walletAddress: '0xdeb1fc14bf6af',
  __v: 0
} | 
5:08:07 AM | Info | 'User Found' | Service: {
  _id: new ObjectId('673645dcb8e8ca0c66f7454f'),
  name: 'sdsdsd',
  email: 's@gmail.com',
  password: '$2a$10$crEmFlITe/PqCzqh1NLITuH/Mf84VHHFAW7XKcfE12CLFvdSx.tU6',
  gender: 'male',
  avatar: '/placeholder.svg?height=50&width=50',
  description: 'sdsdsadas',
  walletAddress: '0x44b1dcc128d84',
  __v: 0
} | 
5:08:07 AM | Info | 'User Found' | Service: {
  _id: new ObjectId('67430955683d95a6d0f26773'),
  name: 'wqsdqw',
  email: 'abcd@gmail.com',
  password: '$2a$10$dHiFiiId2nWIU6Fd7V1VCOYPWdQ9sqcpDfipr1w/sEZRH06MuKaHG',
  gender: 'male',
  avatar: '/placeholder.svg?height=50&width=50',
  description: 'wdsqwwq',
  walletAddress: '0xdeb1fc14bf6af',
  __v: 0
} | 
5:08:07 AM | Info | 'User Found' | Service: {
  _id: new ObjectId('66f1d037932d920297fe12e4'),
  name: 'sdsdfdsfcs',
  email: 'admin@gmail.com',
  password: '$2a$10$1NPeuLr.xvHiengYKiDA3eyEQUarC0klP86UXwHqUbQ2szY0J8Ks6',
  gender: 'male',
  avatar: '/placeholder.svg?height=50&width=50',
  description: 'dfscdsfsds',
  walletAddress: '0x0bed9dec13936',
  __v: 0
} | 
5:08:07 AM | Info | 'User Found' | Service: {
  _id: new ObjectId('66f1d037932d920297fe12e4'),
  name: 'sdsdfdsfcs',
  email: 'admin@gmail.com',
  password: '$2a$10$1NPeuLr.xvHiengYKiDA3eyEQUarC0klP86UXwHqUbQ2szY0J8Ks6',
  gender: 'male',
  avatar: '/placeholder.svg?height=50&width=50',
  description: 'dfscdsfsds',
  walletAddress: '0x0bed9dec13936',
  __v: 0
} | 
5:08:14 AM | Info | '674c5d88f792aec312f2fdeb' | Service: joinRoom soket | 
5:08:14 AM | Info | '674c5d88f792aec312f2fdeb' | Service: joinRoom soket | 
5:08:21 AM | Info | '674c5c74f792aec312f2fde2' | Service: joinRoom soket | 
5:08:21 AM | Info | '674c5c74f792aec312f2fde2' | Service: joinRoom soket | 
5:08:35 AM | Info | '674c5c74f792aec312f2fde2' | Service: leave soket | 
5:08:35 AM | Info | '674c5f66f792aec312f2fdfe' | Service: joinRoom soket | 
5:08:35 AM | Info | '674c5f66f792aec312f2fdfe' | Service: joinRoom soket | 
5:08:48 AM | Info | '674c5c74f792aec312f2fde2' | Service: joinRoom soket | 
5:08:48 AM | Info | '674c5c74f792aec312f2fde2' | Service: joinRoom soket | 
5:08:51 AM | Info | '674c5c74f792aec312f2fde2' | Service: leave soket | 
5:08:51 AM | Info | '674c5fe3f792aec312f2fe11' | Service: joinRoom soket | 
5:08:51 AM | Info | '674c5fe3f792aec312f2fe11' | Service: joinRoom soket | 
5:09:02 AM | Info | 'User Found' | Service: {
  _id: new ObjectId('673645dcb8e8ca0c66f7454f'),
  name: 'sdsdsd',
  email: 's@gmail.com',
  password: '$2a$10$crEmFlITe/PqCzqh1NLITuH/Mf84VHHFAW7XKcfE12CLFvdSx.tU6',
  gender: 'male',
  avatar: '/placeholder.svg?height=50&width=50',
  description: 'sdsdsadas',
  walletAddress: '0x44b1dcc128d84',
  __v: 0
} | 
5:09:02 AM | Info | 'User Found' | Service: {
  _id: new ObjectId('673645dcb8e8ca0c66f7454f'),
  name: 'sdsdsd',
  email: 's@gmail.com',
  password: '$2a$10$crEmFlITe/PqCzqh1NLITuH/Mf84VHHFAW7XKcfE12CLFvdSx.tU6',
  gender: 'male',
  avatar: '/placeholder.svg?height=50&width=50',
  description: 'sdsdsadas',
  walletAddress: '0x44b1dcc128d84',
  __v: 0
} | 
5:09:04 AM | Info | 'User Found' | Service: {
  _id: new ObjectId('66f1d037932d920297fe12e4'),
  name: 'sdsdfdsfcs',
  email: 'admin@gmail.com',
  password: '$2a$10$1NPeuLr.xvHiengYKiDA3eyEQUarC0klP86UXwHqUbQ2szY0J8Ks6',
  gender: 'male',
  avatar: '/placeholder.svg?height=50&width=50',
  description: 'dfscdsfsds',
  walletAddress: '0x0bed9dec13936',
  __v: 0
} | 
5:09:04 AM | Info | 'User Found' | Service: {
  _id: new ObjectId('66f1d037932d920297fe12e4'),
  name: 'sdsdfdsfcs',
  email: 'admin@gmail.com',
  password: '$2a$10$1NPeuLr.xvHiengYKiDA3eyEQUarC0klP86UXwHqUbQ2szY0J8Ks6',
  gender: 'male',
  avatar: '/placeholder.svg?height=50&width=50',
  description: 'dfscdsfsds',
  walletAddress: '0x0bed9dec13936',
  __v: 0
} | 
5:09:05 AM | Info | 'User Found' | Service: {
  _id: new ObjectId('67430955683d95a6d0f26773'),
  name: 'wqsdqw',
  email: 'abcd@gmail.com',
  password: '$2a$10$dHiFiiId2nWIU6Fd7V1VCOYPWdQ9sqcpDfipr1w/sEZRH06MuKaHG',
  gender: 'male',
  avatar: '/placeholder.svg?height=50&width=50',
  description: 'wdsqwwq',
  walletAddress: '0xdeb1fc14bf6af',
  __v: 0
} | 
5:09:05 AM | Info | 'User Found' | Service: {
  _id: new ObjectId('67430955683d95a6d0f26773'),
  name: 'wqsdqw',
  email: 'abcd@gmail.com',
  password: '$2a$10$dHiFiiId2nWIU6Fd7V1VCOYPWdQ9sqcpDfipr1w/sEZRH06MuKaHG',
  gender: 'male',
  avatar: '/placeholder.svg?height=50&width=50',
  description: 'wdsqwwq',
  walletAddress: '0xdeb1fc14bf6af',
  __v: 0
} | 
5:09:15 AM | Info | 'Connected to db' | 
5:09:15 AM | Info | 'Socket setup successful' | 
5:09:15 AM | Info | '> Ready on XXXXXXXXXXXXXXXX:3000' | 
5:09:28 AM | Info | 'User Found' | Service: {
  _id: new ObjectId('67430955683d95a6d0f26773'),
  name: 'wqsdqw',
  email: 'abcd@gmail.com',
  password: '$2a$10$dHiFiiId2nWIU6Fd7V1VCOYPWdQ9sqcpDfipr1w/sEZRH06MuKaHG',
  gender: 'male',
  avatar: '/placeholder.svg?height=50&width=50',
  description: 'wdsqwwq',
  walletAddress: '0xdeb1fc14bf6af',
  __v: 0
} | 
5:09:28 AM | Info | 'User Found' | Service: {
  _id: new ObjectId('67430955683d95a6d0f26773'),
  name: 'wqsdqw',
  email: 'abcd@gmail.com',
  password: '$2a$10$dHiFiiId2nWIU6Fd7V1VCOYPWdQ9sqcpDfipr1w/sEZRH06MuKaHG',
  gender: 'male',
  avatar: '/placeholder.svg?height=50&width=50',
  description: 'wdsqwwq',
  walletAddress: '0xdeb1fc14bf6af',
  __v: 0
} | 
5:09:32 AM | Info | 'User Found' | Service: {
  _id: new ObjectId('673645dcb8e8ca0c66f7454f'),
  name: 'sdsdsd',
  email: 's@gmail.com',
  password: '$2a$10$crEmFlITe/PqCzqh1NLITuH/Mf84VHHFAW7XKcfE12CLFvdSx.tU6',
  gender: 'male',
  avatar: '/placeholder.svg?height=50&width=50',
  description: 'sdsdsadas',
  walletAddress: '0x44b1dcc128d84',
  __v: 0
} | 
5:09:32 AM | Info | 'User Found' | Service: {
  _id: new ObjectId('673645dcb8e8ca0c66f7454f'),
  name: 'sdsdsd',
  email: 's@gmail.com',
  password: '$2a$10$crEmFlITe/PqCzqh1NLITuH/Mf84VHHFAW7XKcfE12CLFvdSx.tU6',
  gender: 'male',
  avatar: '/placeholder.svg?height=50&width=50',
  description: 'sdsdsadas',
  walletAddress: '0x44b1dcc128d84',
  __v: 0
} | 
5:09:32 AM | Info | 'User Found' | Service: {
  _id: new ObjectId('66f1d037932d920297fe12e4'),
  name: 'sdsdfdsfcs',
  email: 'admin@gmail.com',
  password: '$2a$10$1NPeuLr.xvHiengYKiDA3eyEQUarC0klP86UXwHqUbQ2szY0J8Ks6',
  gender: 'male',
  avatar: '/placeholder.svg?height=50&width=50',
  description: 'dfscdsfsds',
  walletAddress: '0x0bed9dec13936',
  __v: 0
} | 
5:09:32 AM | Info | 'User Found' | Service: {
  _id: new ObjectId('66f1d037932d920297fe12e4'),
  name: 'sdsdfdsfcs',
  email: 'admin@gmail.com',
  password: '$2a$10$1NPeuLr.xvHiengYKiDA3eyEQUarC0klP86UXwHqUbQ2szY0J8Ks6',
  gender: 'male',
  avatar: '/placeholder.svg?height=50&width=50',
  description: 'dfscdsfsds',
  walletAddress: '0x0bed9dec13936',
  __v: 0
} | 
